cd ~/sim-005/src/
time make -k -e CC=gcc
gcc -g -I../inc -I../inc/68xx -DUSE_PROTOTYPES -target sun4 -c  callstac.c
gcc -g -I../inc -I../inc/68xx -DUSE_PROTOTYPES -target sun4 -c  command.c
gcc -g -I../inc -I../inc/68xx -DUSE_PROTOTYPES -target sun4 -c  cpu.c
gcc -g -I../inc -I../inc/68xx -DUSE_PROTOTYPES -target sun4 -c  error.c
gcc -g -I../inc -I../inc/68xx -DUSE_PROTOTYPES -target sun4 -c  fileio.c
gcc -g -I../inc -I../inc/68xx -DUSE_PROTOTYPES -target sun4 -c  fprinthe.c
gcc -g -I../inc -I../inc/68xx -DUSE_PROTOTYPES -target sun4 -c  main.c
gcc -g -I../inc -I../inc/68xx -DUSE_PROTOTYPES -target sun4 -c  symtab.c
gcc -g -I../inc -I../inc/68xx -DUSE_PROTOTYPES -target sun4 -c  tty.c
ar rv libsim.a callstac.o command.o cpu.o error.o fileio.o fprinthe.o main.o symtab.o tty.o
a - callstac.o
a - command.o
a - cpu.o
a - error.o
a - fileio.o
a - fprinthe.o
a - main.o
a - symtab.o
a - tty.o
ar: creating libsim.a
ranlib libsim.a
cd 68xx; make sim6800; cd ..
gcc  -I../../inc/68xx -I../../inc -DUSE_PROTOTYPES -target sun4 -c  alu.c
cd m6800; make opfunc.o; cd ..
gcc -DM6800 -I../../../inc/68xx/m6800 -I../../../inc/68xx -I../../../inc -DUSE_PROTOTYPES  -c opfunc.c
cd m6801; make opfunc.o; cd ..
gcc  -DM6801 -I../../../inc/68xx/m6801 -I../../../inc/68xx -I../../../inc -DUSE_PROTOTYPES -target sun4 -c  opfunc.c
cd h6301; make opfunc.o; cd ..
gcc -DH6301 -I../../../inc/68xx/h6301 -I../../../inc/68xx -I../../../inc -DUSE_PROTOTYPES -g -c opfunc.c
cd m6805; make opfunc.o; cd ..
gcc -DM6805 -I../../../inc/68xx/m6805 -I../../../inc/68xx/m6811 -I../../../inc/68xx -I../../../inc -DUSE_PROTOTYPES -g -c opfunc.c
cd m6811; make opfunc.o; cd ..
gcc -DM6811 -I../../../inc/68xx/m6811 -I../../../inc/68xx -I../../../inc -DUSE_PROTOTYPES  -c opfunc.c
ar rv lib68xx.a alu.o m6800/opfunc.o m6801/opfunc.o h6301/opfunc.o m6805/opfunc.o m6811/opfunc.o
a - alu.o
a - m6800/opfunc.o
a - m6801/opfunc.o
a - h6301/opfunc.o
a - m6805/opfunc.o
a - m6811/opfunc.o
ar: creating lib68xx.a
ranlib lib68xx.a
cd m6800; make sim6800; cd ..
make: Warning: Don't know how to make target `sim6800'
Current working directory /home/hasle/f/riiber/sim-005/src/68xx/m6800
make: Warning: Target `sim6800' not remade because of errors
Current working directory /home/hasle/f/riiber/sim-005/src/68xx/m6800
cd 68xx; make sim6301; cd ..
cd h6301; make sim6301; cd ..
gcc -DHAS_SCI -DH6301 -I../../../inc/68xx/h6301 -I../../../inc/68xx -I../../../inc -DUSE_PROTOTYPES -g -c ../cmd.c
gcc -DH6301 -I../../../inc/68xx/h6301 -I../../../inc/68xx -I../../../inc -DUSE_PROTOTYPES -g -c ../memory.c
../memory.c: In function `ireg_install':
../memory.c:110: warning: assignment from incompatible pointer type
gcc -DH6301 -I../../../inc/68xx/h6301 -I../../../inc/68xx -I../../../inc -DUSE_PROTOTYPES -g -c iregtab.c
gcc -DH6301 -I../../../inc/68xx/h6301 -I../../../inc/68xx -I../../../inc -DUSE_PROTOTYPES -g -c ../reg.c
gcc -DH6301 -I../../../inc/68xx/h6301 -I../../../inc/68xx -I../../../inc -DUSE_PROTOTYPES -g -c optab.c
gcc -DH6301 -I../../../inc/68xx/h6301 -I../../../inc/68xx -I../../../inc -DUSE_PROTOTYPES -g -c sci.c
gcc -DH6301 -I../../../inc/68xx/h6301 -I../../../inc/68xx -I../../../inc -DUSE_PROTOTYPES -g -c instr.c
gcc -DH6301 -I../../../inc/68xx/h6301 -I../../../inc/68xx -I../../../inc -DUSE_PROTOTYPES -g -c timer.c
gcc  -o sim6301 cmd.o memory.o iregtab.o reg.o opfunc.o optab.o sci.o instr.o timer.o ../lib68xx.a ../../libsim.a 
cd 68xx; make sim6805; cd ..
cd m6805; make sim6805; cd ..
gcc -DHAS_SCI -DHAS_SPI -DM6805 -I../../../inc/68xx/m6805 -I../../../inc/68xx/m6811 -I../../../inc/68xx -I../../../inc -DUSE_PROTOTYPES -g -c ../cmd.c
gcc -DM6805 -I../../../inc/68xx/m6805 -I../../../inc/68xx/m6811 -I../../../inc/68xx -I../../../inc -DUSE_PROTOTYPES -g -c ../memory.c
../memory.c: In function `ireg_install':
../memory.c:110: warning: assignment from incompatible pointer type
gcc -DM6805 -I../../../inc/68xx/m6805 -I../../../inc/68xx/m6811 -I../../../inc/68xx -I../../../inc -DUSE_PROTOTYPES -g -c iregtab.c
iregtab.c:71: warning: initialization from incompatible pointer type
iregtab.c:71: warning: initialization from incompatible pointer type
iregtab.c:71: warning: initialization from incompatible pointer type
iregtab.c:71: warning: initialization from incompatible pointer type
iregtab.c:76: warning: initialization from incompatible pointer type
iregtab.c:77: warning: initialization from incompatible pointer type
iregtab.c:78: warning: initialization from incompatible pointer type
gcc -DM6805 -I../../../inc/68xx/m6805 -I../../../inc/68xx/m6811 -I../../../inc/68xx -I../../../inc -DUSE_PROTOTYPES -g -c ../reg.c
gcc -DM6805 -I../../../inc/68xx/m6805 -I../../../inc/68xx/m6811 -I../../../inc/68xx -I../../../inc -DUSE_PROTOTYPES -g -c optab.c
gcc -DM6805 -I../../../inc/68xx/m6805 -I../../../inc/68xx/m6811 -I../../../inc/68xx -I../../../inc -DUSE_PROTOTYPES -g -c ../m6811/sci.c
gcc -DM6805 -I../../../inc/68xx/m6805 -I../../../inc/68xx/m6811 -I../../../inc/68xx -I../../../inc -DUSE_PROTOTYPES -g -c ../m6811/spi.c
gcc -DM6805 -I../../../inc/68xx/m6805 -I../../../inc/68xx/m6811 -I../../../inc/68xx -I../../../inc -DUSE_PROTOTYPES -g -c instr.c
gcc  -o sim6805 cmd.o memory.o iregtab.o reg.o opfunc.o optab.o sci.o spi.o instr.o ../lib68xx.a ../../libsim.a 
cd 68xx; make sim6811; cd ..
cd m6811; make sim6811; cd ..
gcc -DHAS_SCI -DHAS_SPI -DM6811 -I../../../inc/68xx/m6811 -I../../../inc/68xx -I../../../inc -DUSE_PROTOTYPES  -c ../cmd.c
gcc -DM6811 -I../../../inc/68xx/m6811 -I../../../inc/68xx -I../../../inc -DUSE_PROTOTYPES  -c ../memory.c
../memory.c: In function `ireg_install':
../memory.c:110: warning: assignment from incompatible pointer type
gcc -DM6811 -I../../../inc/68xx/m6811 -I../../../inc/68xx -I../../../inc -DUSE_PROTOTYPES  -c iregtab.c
iregtab.c:45: warning: initialization from incompatible pointer type
gcc -DM6811 -I../../../inc/68xx/m6811 -I../../../inc/68xx -I../../../inc -DUSE_PROTOTYPES  -c ../reg.c
gcc -DM6811 -I../../../inc/68xx/m6811 -I../../../inc/68xx -I../../../inc -DUSE_PROTOTYPES  -c optab.c
gcc -DM6811 -I../../../inc/68xx/m6811 -I../../../inc/68xx -I../../../inc -DUSE_PROTOTYPES  -c instr.c
gcc -DM6811 -I../../../inc/68xx/m6811 -I../../../inc/68xx -I../../../inc -DUSE_PROTOTYPES  -c sci.c
gcc -DM6811 -I../../../inc/68xx/m6811 -I../../../inc/68xx -I../../../inc -DUSE_PROTOTYPES  -c spi.c
gcc -DM6811 -I../../../inc/68xx/m6811 -I../../../inc/68xx -I../../../inc -DUSE_PROTOTYPES  -c timer.c
gcc  -o sim6811 cmd.o memory.o iregtab.o reg.o opfunc.o optab.o instr.o sci.o spi.o timer.o ../lib68xx.a ../../libsim.a 
       47.8 real        14.9 user         9.2 sys  

Compilation finished at Thu Aug 24 22:59:50
