cd ~/sim-005b/src/
time make -k -e
cc -g -I../inc -I../inc/68xx -DUSE_PROTOTYPES -target sun4 -c  callstac.c
cc -g -I../inc -I../inc/68xx -DUSE_PROTOTYPES -target sun4 -c  command.c
"command.c", line 168: warning: illegal pointer combination
"command.c", line 329: warning: & before array or function: ignored
"command.c", line 349: warning: & before array or function: ignored
"command.c", line 397: warning: & before array or function: ignored
"command.c", line 405: warning: & before array or function: ignored
cc -g -I../inc -I../inc/68xx -DUSE_PROTOTYPES -target sun4 -c  cpu.c
cc -g -I../inc -I../inc/68xx -DUSE_PROTOTYPES -target sun4 -c  error.c
cc -g -I../inc -I../inc/68xx -DUSE_PROTOTYPES -target sun4 -c  fileio.c
cc -g -I../inc -I../inc/68xx -DUSE_PROTOTYPES -target sun4 -c  fprinthe.c
cc -g -I../inc -I../inc/68xx -DUSE_PROTOTYPES -target sun4 -c  main.c
cc -g -I../inc -I../inc/68xx -DUSE_PROTOTYPES -target sun4 -c  symtab.c
cc -g -I../inc -I../inc/68xx -DUSE_PROTOTYPES -target sun4 -c  tty.c
ar rv libsim.a callstac.o command.o cpu.o error.o fileio.o fprinthe.o main.o symtab.o tty.o
a - callstac.o
a - command.o
a - cpu.o
a - error.o
a - fileio.o
a - fprinthe.o
a - main.o
a - symtab.o
a - tty.o
ar: creating libsim.a
ranlib libsim.a
cd 68xx; make sim6800; cd ..
cc  -I../../inc/68xx -I../../inc -DUSE_PROTOTYPES -target sun4 -c  alu.c
cd m6800; make opfunc.o; cd ..
cc -DM6800 -I../../../inc/68xx/m6800 -I../../../inc/68xx -I../../../inc -DUSE_PROTOTYPES  -c opfunc.c
cd m6801; make opfunc.o; cd ..
cc  -DM6801 -I../../../inc/68xx/m6801 -I../../../inc/68xx -I../../../inc -DUSE_PROTOTYPES -target sun4 -c  opfunc.c
cd h6301; make opfunc.o; cd ..
cc -DH6301 -I../../../inc/68xx/h6301 -I../../../inc/68xx -I../../../inc -DUSE_PROTOTYPES -g -c opfunc.c
cd m6805; make opfunc.o; cd ..
cc -DM6805 -I../../../inc/68xx/m6805 -I../../../inc/68xx/m6811 -I../../../inc/68xx -I../../../inc -DUSE_PROTOTYPES -g -c opfunc.c
cd m6811; make opfunc.o; cd ..
cc -DM6811 -I../../../inc/68xx/m6811 -I../../../inc/68xx -I../../../inc -DUSE_PROTOTYPES  -c opfunc.c
ar rv lib68xx.a alu.o m6800/opfunc.o m6801/opfunc.o h6301/opfunc.o m6805/opfunc.o m6811/opfunc.o
a - alu.o
a - m6800/opfunc.o
a - m6801/opfunc.o
a - h6301/opfunc.o
a - m6805/opfunc.o
a - m6811/opfunc.o
ar: creating lib68xx.a
ranlib lib68xx.a
cd m6800; make sim6800; cd ..
make: Warning: Don't know how to make target `sim6800'
Current working directory /home/hasle/f/riiber/sim-005b/src/68xx/m6800
make: Warning: Target `sim6800' not remade because of errors
Current working directory /home/hasle/f/riiber/sim-005b/src/68xx/m6800
cd 68xx; make sim6301; cd ..
cd h6301; make sim6301; cd ..
cc -DHAS_SCI -DH6301 -I../../../inc/68xx/h6301 -I../../../inc/68xx -I../../../inc -DUSE_PROTOTYPES -g -c ../cmd.c
cc -DH6301 -I../../../inc/68xx/h6301 -I../../../inc/68xx -I../../../inc -DUSE_PROTOTYPES -g -c ../memory.c
"../memory.c", line 126: warning: illegal pointer combination
cc -DH6301 -I../../../inc/68xx/h6301 -I../../../inc/68xx -I../../../inc -DUSE_PROTOTYPES -g -c iregtab.c
cc -DH6301 -I../../../inc/68xx/h6301 -I../../../inc/68xx -I../../../inc -DUSE_PROTOTYPES -g -c ../reg.c
cc -DH6301 -I../../../inc/68xx/h6301 -I../../../inc/68xx -I../../../inc -DUSE_PROTOTYPES -g -c optab.c
cc -DH6301 -I../../../inc/68xx/h6301 -I../../../inc/68xx -I../../../inc -DUSE_PROTOTYPES -g -c sci.c
cc -DH6301 -I../../../inc/68xx/h6301 -I../../../inc/68xx -I../../../inc -DUSE_PROTOTYPES -g -c instr.c
cc -DH6301 -I../../../inc/68xx/h6301 -I../../../inc/68xx -I../../../inc -DUSE_PROTOTYPES -g -c timer.c
cc  -o sim6301 cmd.o memory.o iregtab.o reg.o opfunc.o optab.o sci.o instr.o timer.o ../lib68xx.a ../../libsim.a 
cd 68xx; make sim6805; cd ..
cd m6805; make sim6805; cd ..
cc -DHAS_SCI -DHAS_SPI -DM6805 -I../../../inc/68xx/m6805 -I../../../inc/68xx/m6811 -I../../../inc/68xx -I../../../inc -DUSE_PROTOTYPES -g -c ../cmd.c
cc -DM6805 -I../../../inc/68xx/m6805 -I../../../inc/68xx/m6811 -I../../../inc/68xx -I../../../inc -DUSE_PROTOTYPES -g -c ../memory.c
"../memory.c", line 126: warning: illegal pointer combination
cc -DM6805 -I../../../inc/68xx/m6805 -I../../../inc/68xx/m6811 -I../../../inc/68xx -I../../../inc -DUSE_PROTOTYPES -g -c iregtab.c
cc -DM6805 -I../../../inc/68xx/m6805 -I../../../inc/68xx/m6811 -I../../../inc/68xx -I../../../inc -DUSE_PROTOTYPES -g -c ../reg.c
cc -DM6805 -I../../../inc/68xx/m6805 -I../../../inc/68xx/m6811 -I../../../inc/68xx -I../../../inc -DUSE_PROTOTYPES -g -c optab.c
cc -DM6805 -I../../../inc/68xx/m6805 -I../../../inc/68xx/m6811 -I../../../inc/68xx -I../../../inc -DUSE_PROTOTYPES -g -c ../m6811/sci.c
cc -DM6805 -I../../../inc/68xx/m6805 -I../../../inc/68xx/m6811 -I../../../inc/68xx -I../../../inc -DUSE_PROTOTYPES -g -c ../m6811/spi.c
cc -DM6805 -I../../../inc/68xx/m6805 -I../../../inc/68xx/m6811 -I../../../inc/68xx -I../../../inc -DUSE_PROTOTYPES -g -c instr.c
cc  -o sim6805 cmd.o memory.o iregtab.o reg.o opfunc.o optab.o sci.o spi.o instr.o ../lib68xx.a ../../libsim.a 
cd 68xx; make sim6811; cd ..
cd m6811; make sim6811; cd ..
cc -DHAS_SCI -DHAS_SPI -DM6811 -I../../../inc/68xx/m6811 -I../../../inc/68xx -I../../../inc -DUSE_PROTOTYPES  -c ../cmd.c
cc -DM6811 -I../../../inc/68xx/m6811 -I../../../inc/68xx -I../../../inc -DUSE_PROTOTYPES  -c ../memory.c
"../memory.c", line 126: warning: illegal pointer combination
cc -DM6811 -I../../../inc/68xx/m6811 -I../../../inc/68xx -I../../../inc -DUSE_PROTOTYPES  -c iregtab.c
cc -DM6811 -I../../../inc/68xx/m6811 -I../../../inc/68xx -I../../../inc -DUSE_PROTOTYPES  -c ../reg.c
cc -DM6811 -I../../../inc/68xx/m6811 -I../../../inc/68xx -I../../../inc -DUSE_PROTOTYPES  -c optab.c
cc -DM6811 -I../../../inc/68xx/m6811 -I../../../inc/68xx -I../../../inc -DUSE_PROTOTYPES  -c instr.c
cc -DM6811 -I../../../inc/68xx/m6811 -I../../../inc/68xx -I../../../inc -DUSE_PROTOTYPES  -c sci.c
cc -DM6811 -I../../../inc/68xx/m6811 -I../../../inc/68xx -I../../../inc -DUSE_PROTOTYPES  -c spi.c
cc -DM6811 -I../../../inc/68xx/m6811 -I../../../inc/68xx -I../../../inc -DUSE_PROTOTYPES  -c timer.c
cc  -o sim6811 cmd.o memory.o iregtab.o reg.o opfunc.o optab.o instr.o sci.o spi.o timer.o ../lib68xx.a ../../libsim.a 
       36.9 real        10.8 user         6.4 sys  

Compilation finished at Fri Aug 25 23:56:39
